<?xml version="1.0" encoding="UTF-8"?>
<flow xmlns="http://www.springframework.org/schema/webflow"
      xmlns:xsi="http://www.w3.org/2001/XMLSchema-instance"
      xsi:schemaLocation="http://www.springframework.org/schema/webflow
       http://www.springframework.org/schema/webflow/spring-webflow-2.0.xsd"
      parent="base-flow">


    <on-start>
        <set name="flowScope.formAction" value="roleFormAction"/>
    </on-start>

    <view-state id="entityListView" view="core/test/testListView" parent="base-flow#entityListView">
        <transition on="back" to="finish"/>
        <transition on="print" to="testReport"/>
    </view-state>


</flow>